node_modules/.bin/truffle migrate --network origin --reset
Using network 'origin'.

Running migration: 1_initial_migration.js
  Deploying Migrations...
  ... 0x53e47d8ac83f5a1afc1a88a6274dcfa7c0903478e92bc061dbd8d216092d3de7
  Migrations: 0xd23387c9cf94a8e55b7be2e561c79086a66d80fe
Saving successful migration to network...
  ... 0xdc42cee021975b19fd2097157f8072d0b59c58fb5110acffb4f7aec559afc717
Saving artifacts...
Running migration: 2_deploy_marketplace_contracts.js
  Running step...
  Deploying OriginToken...
  ... 0xefedb31593a19c5cf8a367fe7811db829b46f78b7d457bb122767bf7c82eb7e4
  OriginToken: 0xc341384f6fe00179b33ef7ae638ed2937a9e4501
  Deploying V00_Marketplace...
  ... 0x06c9a0a612d23005ded24256c003c678041e4645600041f92a01dca355ee97b0
  V00_Marketplace: 0xf3884ecbc6c43383bf7a38c891021380f50abc49
  ... 0x476e8be1f30d86c99ef39c092bb3419b6944ceaf755f2e26447b927937422518
Saving successful migration to network...
  ... 0x2db4e672f742b1706e4553403d0f66a39460383010b8215ff4036a929a983fec
Saving artifacts...
Running migration: 3_create_sample_listings.js
  Running step...
  ... 0xc1c3d486a1f3e5506f23bf8f3526adfc471e60479afa5baef97f1098dce12a4c
  ... 0x6b27926867bebe1c58387e7623210da54e674a24a95f12a5ee47593cbc63d923
  ... 0xb40d9892cae216b2208bdcb224dc5adc78ca6fe9c2304c9b5101a988f1eecbff
  ... 0xfea1469f512ef57079288ef87e92209d2aaa870d31a9a45ad2e9f6f522bde3f2
  ... 0x032c0916d89c6437e76109400f313123b85b656bf50bef6b4ad2cfa60375e73c
  ... 0x2830360137be9c2b49ef12499981579f2178759f04d9143fac92f4f5c4a8a430
Saving successful migration to network...
  ... 0x7cb4debd9f760f30d6763fdbc6ba412689003ec81326bb3ef2851939d352f3af
Saving artifacts...
Running migration: 4_deploy_identity_contracts.js
  Running step...
  Deploying V00_UserRegistry...
  ... 0xc9f1b399f5ae458b128885db3470ac99c22220deaa80212522dd61a2ebf90e4d
  V00_UserRegistry: 0xaaf57962b2a4ac7910e613aea1d1ebaca2049721
  Deploying KeyHolderLibrary...
  ... 0x7420749b6caae4b4cc3ae458867b0c3a0316f643399b5d923a5d54125f28c35c
  KeyHolderLibrary: 0xabfa795920a72d4c7e21402e79c67dd455cacaf6
  Linking KeyHolderLibrary to KeyHolder
  Linking KeyHolderLibrary to ClaimHolderLibrary
  Deploying ClaimHolderLibrary...
  ... 0xd219f5c2f3dbe94a3f2a2808ea6c6da573eccb7cb15cda7e21ab6f479d02d306
  ClaimHolderLibrary: 0x1731e5fcbd330a7720bf3c6826d762dc79d8b74d
  Linking ClaimHolderLibrary to ClaimHolder
  Linking KeyHolderLibrary to ClaimHolder
  Linking ClaimHolderLibrary to ClaimHolderRegistered
  Linking KeyHolderLibrary to ClaimHolderRegistered
  Linking ClaimHolderLibrary to ClaimHolderPresigned
  Linking KeyHolderLibrary to ClaimHolderPresigned
  Linking ClaimHolderLibrary to OriginIdentity
  Linking KeyHolderLibrary to OriginIdentity
  Deploying OriginIdentity...
  ... 0x4ecec2998e9dc8c458eb506afb0bdd2b7d942c99e2951dfddec4a4302e131b8c
  OriginIdentity: 0x4daff558fb9b9389b39a39fb9d7e4a4362b56590
Saving successful migration to network...
  ... 0xe6064d0bb5bff838e6160bd4270a2d52d726c4ebf969c1e9deabb27dc90cf3b9
Saving artifacts...
Running migration: 5_create_sample_issuers.js
  Running step...
  ... 0xfd3139acaedeccaf64acb6d0fd0fb01c083c404855509c17269433d4c5cf7e76
Saving successful migration to network...
  ... 0x51fdadb53411e189d2943e5a9f9a0e946466750e1f376d59ed0e9ce6c8284686
Saving artifacts...
Running migration: 6_transfer_tokens_for_dev.js
  Running step...
Skipping
Saving successful migration to network...
  ... 0x867a6e137b832aa3c92f14a6aa996b4380dd9020312251d778bbcefae801b1b3
Saving artifacts...
Running migration: 7_create_token_whitelist.js
Saving successful migration to network...
  ... 0xeef151230bb381ff287f399bcbe83422f0990efb7864ea38de3c3ab35fae4932
  ... 0x52fa9fea0223290436a964df8f46b20ba1910433f92e340d11934dbe17857bec
Saving artifacts...
Added token contract owner 0x1e3844b4752172b6e85f390e2df4ffc4d63425f9 to whitelist
Running migration: 8_whitelist_affiliate.js
  Running step...
  ... 0x28d6773ffe8ffefbd1f0e823e46a3111eb5862fe2de790c55afd6a17ed9e9df4
whitelisting affiliate 0xc1a33cda27c68e47e370ff31cdad7d6522ea93d5
  ... 0x5ed02528a7b3f3bc21d55f06191194a23a2287ef6fe35eae054cef0cc22f804d
Added marketplace 0xf3884ecbc6c43383bf7a38c891021380f50abc49 to whitelist
  ... 0x7e722240543dc6f71cd1ff7129f67c9c3914bb93899da2254a72a98998a40763
Saving successful migration to network...
  ... 0x3cbfdb23bf64a566a2b0f7fb9cce24cb277db7e6a0f2b5a72ca89d6e5c6905f0
Enabled token whitelist, expiring at UNIX timestamp 1551340800
Saving artifacts...
Running migration: 9_transfer_ownership_and_tokens_for_mainnet.js
  Running step...
Saving successful migration to network...
  ... 0x02b01cc9049d827a637bfa6885116bb84db17e7473de664a9795e3f87d362802
Saving artifacts...
Running migration: 10_verify_mainnet.js
  Running step...
Saving successful migration to network...
  ... 0x8877ce5efe6c34d5d15c811c85b966f152cf61560bde1a621fcdaf929cac5a47
Saving artifacts...
Running migration: 11_update_claim_holder_library.js
  Running step...
  Replacing ClaimHolderLibrary...
  ... 0x1cf1c40c37b097575ef82dcda05b32e5eeafd75bb7dcd68eb46e60cd3efed64f
Error: Invalid JSON RPC response: ""
    at Object.InvalidResponse (/Users/tom/Code/origin/node_modules/truffle-hdwallet-provider/node_modules/web3/lib/web3/errors.js:35:16)
    at XMLHttpRequest.request.onreadystatechange (/Users/tom/Code/origin/node_modules/truffle-hdwallet-provider/node_modules/web3/lib/web3/httpprovider.js:115:32)
    at XMLHttpRequestEventTarget.dispatchEvent (/Users/tom/Code/origin/node_modules/xhr2/lib/xhr2.js:64:18)
    at XMLHttpRequest._setReadyState (/Users/tom/Code/origin/node_modules/xhr2/lib/xhr2.js:354:12)
    at XMLHttpRequest._onHttpRequestError (/Users/tom/Code/origin/node_modules/xhr2/lib/xhr2.js:544:12)
    at ClientRequest.<anonymous> (/Users/tom/Code/origin/node_modules/xhr2/lib/xhr2.js:414:24)
    at ClientRequest.emit (events.js:182:13)
    at TLSSocket.socketErrorListener (_http_client.js:399:9)
    at TLSSocket.emit (events.js:182:13)
    at emitErrorNT (internal/streams/destroy.js:82:8)
    at emitErrorAndCloseNT (internal/streams/destroy.js:50:3)
    at process.internalTickCallback (internal/process/next_tick.js:72:19)
  ClaimHolderLibrary: 0x37c658a88cb63492b382e5f6b58f2d93da405a9e
Saving successful migration to network...
  ... 0xd8c930f0b8f90fbf68af8acf7c3d7531e6e05ed786de42b2bf609c5f9748b197
Saving artifacts...
Running migration: 12_add_staging_issuer.js
  Running step...
Saving successful migration to network...
  ... 0x3305041d7cb7d86af93cc5aa16c2c8b0f4fff521a9fc52113bbb1dc0720557ec
Saving artifacts...
Running migration: 13_add_identity_events.js
  Running step...
  Deploying IdentityEvents...
  ... 0xd38d81c489e3e01dec2c9b64940008382b63e23b9c2a963ebeb21a16248fda79
  IdentityEvents: 0xe760d066bd8bbe22d7e9d8107be878102bd8d57d
Saving successful migration to network...
  ... 0xc74cc7549832edc2dc1496bb8986bebfe8aeacd11bf73da8126d5c773802a68a
Saving artifacts...
Running migration: 14_deploy_vA_marketplace_contracts.js
  Running step...
  Deploying VA_Marketplace...
  ... 0x0c0482d72acb5e97bb0aa3831337f65170932c3372341477e6f8dbed69b57374
  VA_Marketplace: 0x4fb3b529990fef304e8290477f7525f21d6dc2ad
  ... 0x916a37f421d5209f277c28fe0a2dd9ff7a63c0fdaf6ee3a57ec29eaf72c96fe6
Saving successful migration to network...
  ... 0x526517dbec6458b54100d3f67b76cb089316dabba81a19a485b93446842d7356
Saving artifacts...
Running migration: 15_whitelist_vA_affiliate.js
  Running step...
whitelisting affiliate 0xc1a33cda27c68e47e370ff31cdad7d6522ea93d5
  ... 0xbf1af97f0a7adb06859f98a5d64bace69ea05574fb9a963a24ba1001663922f4
Error: Invalid JSON RPC response: ""
    at Object.InvalidResponse (/Users/tom/Code/origin/node_modules/truffle-hdwallet-provider/node_modules/web3/lib/web3/errors.js:35:16)
    at XMLHttpRequest.request.onreadystatechange (/Users/tom/Code/origin/node_modules/truffle-hdwallet-provider/node_modules/web3/lib/web3/httpprovider.js:115:32)
    at XMLHttpRequestEventTarget.dispatchEvent (/Users/tom/Code/origin/node_modules/xhr2/lib/xhr2.js:64:18)
    at XMLHttpRequest._setReadyState (/Users/tom/Code/origin/node_modules/xhr2/lib/xhr2.js:354:12)
    at XMLHttpRequest._onHttpRequestError (/Users/tom/Code/origin/node_modules/xhr2/lib/xhr2.js:544:12)
    at ClientRequest.<anonymous> (/Users/tom/Code/origin/node_modules/xhr2/lib/xhr2.js:414:24)
    at ClientRequest.emit (events.js:182:13)
    at TLSSocket.socketErrorListener (_http_client.js:399:9)
    at TLSSocket.emit (events.js:182:13)
    at emitErrorNT (internal/streams/destroy.js:82:8)
    at emitErrorAndCloseNT (internal/streams/destroy.js:50:3)
    at process.internalTickCallback (internal/process/next_tick.js:72:19)
Error: Invalid JSON RPC response: ""
    at Object.InvalidResponse (/Users/tom/Code/origin/node_modules/truffle-hdwallet-provider/node_modules/web3/lib/web3/errors.js:35:16)
    at XMLHttpRequest.request.onreadystatechange (/Users/tom/Code/origin/node_modules/truffle-hdwallet-provider/node_modules/web3/lib/web3/httpprovider.js:115:32)
    at XMLHttpRequestEventTarget.dispatchEvent (/Users/tom/Code/origin/node_modules/xhr2/lib/xhr2.js:64:18)
    at XMLHttpRequest._setReadyState (/Users/tom/Code/origin/node_modules/xhr2/lib/xhr2.js:354:12)
    at XMLHttpRequest._onHttpRequestError (/Users/tom/Code/origin/node_modules/xhr2/lib/xhr2.js:544:12)
    at ClientRequest.<anonymous> (/Users/tom/Code/origin/node_modules/xhr2/lib/xhr2.js:414:24)
    at ClientRequest.emit (events.js:182:13)
    at TLSSocket.socketErrorListener (_http_client.js:399:9)
    at TLSSocket.emit (events.js:182:13)
    at emitErrorNT (internal/streams/destroy.js:82:8)
    at emitErrorAndCloseNT (internal/streams/destroy.js:50:3)
    at process.internalTickCallback (internal/process/next_tick.js:72:19)
Saving successful migration to network...
  ... 0xe6e56ee6d217990a7f8cafc427c4e98dd85ef54a6890e07a4c60db63317fd03a
Saving artifacts...
