npx truffle migrate --network origin -f 14
Using network 'origin'.

Running migration: 14_deploy_vA_marketplace_contracts.js
  Running step...
  Replacing VA_Marketplace...
  ... 0xa0d5ddd799f2083590c635a18753f03411c3c882c00099a8dac2b8f570333259
  VA_Marketplace: 0xc7457ab400a759b4a9fecc832a98730522604483
  ... 0x5277b4284cbad7f811f5c220266fb9cce5074f9a6380bffbbe49d64e3f4817b0
Saving successful migration to network...
  ... 0x5a7ff70a7ce4e3e5ff63ef34625239076697b1743cd1e5aee48f6e01dd6b7440
Saving artifacts...
Running migration: 15_whitelist_vA_affiliate.js
  Running step...
whitelisting affiliate 0xc1a33cda27c68e47e370ff31cdad7d6522ea93d5
  ... 0xc4e77fdd5edf3f6068b77985103c8f716d77537eb5bb97883943cadfde81775d
Saving successful migration to network...
  ... 0xbdd9cb9a08561d055d6a947b9453e5df50f9e8e919b079b34d90918da394e433
Saving artifacts...
Running migration: 16_whitelist_vA_token.js
Saving successful migration to network...
  ... 0x11d129494863892f6db3db5829303242c8eca6a7acf0f09d276ac9b41c17f229
  ... 0x3cc1755de8c83a28c7b0690459c520b1fe76be0c70a567218baee6e6f5ddb60e
Saving artifacts...
Running migration: 17_transfer_vA_ownership_for_mainnet.js
  Running step...
Saving successful migration to network...
  ... 0xca7c90f6272e7495fffc8659b5b8e51d7185a89bc8a70bb984bb30fcc078dd82
Added marketplace 0xc7457ab400a759b4a9fecc832a98730522604483 to whitelist
Saving artifacts...
