Compiling ./contracts/Migrations.sol...
Compiling ./contracts/identity/ClaimHolder.sol...
Compiling ./contracts/identity/ClaimHolderLibrary.sol...
Compiling ./contracts/identity/ClaimHolderPresigned.sol...
Compiling ./contracts/identity/ClaimHolderRegistered.sol...
Compiling ./contracts/identity/ClaimVerifier.sol...
Compiling ./contracts/identity/ERC725.sol...
Compiling ./contracts/identity/ERC735.sol...
Compiling ./contracts/identity/KeyHolder.sol...
Compiling ./contracts/identity/KeyHolderLibrary.sol...
Compiling ./contracts/identity/OriginIdentity.sol...
Compiling ./contracts/identity/V00_UserRegistry.sol...
Compiling ./contracts/marketplace/v00/Marketplace.sol...
Compiling ./contracts/multisig/IMultiSigWallet.sol...
Compiling ./contracts/token/OriginToken.sol...
Compiling ./contracts/token/TokenMigration.sol...
Compiling ./contracts/token/WhitelistedPausableToken.sol...
Compiling ./../node_modules/openzeppelin-solidity/contracts/lifecycle/Pausable.sol...
Compiling ./../node_modules/openzeppelin-solidity/contracts/math/SafeMath.sol...
Compiling ./../node_modules/openzeppelin-solidity/contracts/ownership/Ownable.sol...
Compiling ./../node_modules/openzeppelin-solidity/contracts/token/ERC20/BasicToken.sol...
Compiling ./../node_modules/openzeppelin-solidity/contracts/token/ERC20/BurnableToken.sol...
Compiling ./../node_modules/openzeppelin-solidity/contracts/token/ERC20/DetailedERC20.sol...
Compiling ./../node_modules/openzeppelin-solidity/contracts/token/ERC20/ERC20.sol...
Compiling ./../node_modules/openzeppelin-solidity/contracts/token/ERC20/ERC20Basic.sol...
Compiling ./../node_modules/openzeppelin-solidity/contracts/token/ERC20/MintableToken.sol...
Compiling ./../node_modules/openzeppelin-solidity/contracts/token/ERC20/PausableToken.sol...
Compiling ./../node_modules/openzeppelin-solidity/contracts/token/ERC20/StandardToken.sol...
Writing artifacts to ./build/contracts

Using network 'rinkeby'.

Running migration: 1_initial_migration.js
  Deploying Migrations...
  ... 0xf3f6da4f45511996691221f864109d326c2c4e38d44e18d974cff47c421bc3d9
  Migrations: 0x50f098b71176e6d6d969b2608d9cd7866d776bcb
Saving successful migration to network...
  ... 0x96aa5fe1ea75ccf9838ead638a4957ee09094b32cf236a68be7ec8cf827f528e
Saving artifacts...
Running migration: 2_deploy_marketplace_contracts.js
  Running step...
  Deploying OriginToken...
  ... 0x17cabad2ea629f1febf48897cf768a4442da15c70bc70874654f7b263e97f23d
  OriginToken: 0xa115e16ef6e217f7a327a57031f75ce0487aadb8
  Deploying V00_Marketplace...
  ... 0x1722489488e8aac3e481801f4114beeec1ab6a0db4f7e7b89fdf313fca41c352
  V00_Marketplace: 0xe842831533c4bf4b0f71b4521c4320bdb669324e
  ... 0x213de60b4107c3da7edb0b2af93f61d7f744ae337403f6215a63854889529f67
Saving successful migration to network...
  ... 0xf39e6608d70c57818a561280535a1439409e10b219a3d2f26fcf62f0ae4e1f64
Saving artifacts...
Running migration: 3_create_sample_listings.js
  Running step...
Skipping sample listings creation on rinkeby
Saving successful migration to network...
  ... 0xf201ccf8cbb14095d5753f99090d27d2650ac79a80e27c2a02dfa101fd7332a2
Saving artifacts...
Running migration: 4_deploy_identity_contracts.js
  Running step...
  Deploying V00_UserRegistry...
  ... 0x1fb8bf412109d35f8dda3530c66745ca6d656f55b1efc46a64fcb5092bc178f4
  V00_UserRegistry: 0x56727c8a51b276aec911afa8d6d80d485c89d5cc
  Deploying KeyHolderLibrary...
  ... 0x5548d25ebab32ad2fa660a67a024467dc4123ff09a53281e016f16ab662c3f77
  KeyHolderLibrary: 0x10d49d64b983ad887aa783ad10de75d42abab2e9
  Linking KeyHolderLibrary to KeyHolder
  Linking KeyHolderLibrary to ClaimHolderLibrary
  Deploying ClaimHolderLibrary...
  ... 0x8ae15721b63dd3d3347b0e18d2d9b5890181dc45e23ff827e4a49a6df4f6d06f
  ClaimHolderLibrary: 0x6b022e55864bb884d1bddc87ae741b7266153169
  Linking ClaimHolderLibrary to ClaimHolder
  Linking KeyHolderLibrary to ClaimHolder
  Linking ClaimHolderLibrary to ClaimHolderRegistered
  Linking KeyHolderLibrary to ClaimHolderRegistered
  Linking ClaimHolderLibrary to ClaimHolderPresigned
  Linking KeyHolderLibrary to ClaimHolderPresigned
  Linking ClaimHolderLibrary to OriginIdentity
  Linking KeyHolderLibrary to OriginIdentity
  Deploying OriginIdentity...
  ... 0x08865d88ef7a2b3372892961bce9309578fc68260ed4e1be1d766cb0bd35dd97
  OriginIdentity: 0x8a294aaece85ca472f09ab6c09d75448bf3b25c1
Saving successful migration to network...
  ... 0xcde103e59010720ec2e4051823a1a6576950f798ce845da2632fbfffcf6ec8b8
Saving artifacts...
Running migration: 5_create_sample_issuers.js
  Running step...
  ... 0xf506ece251ff6106ce5a64928c417809cdaca87bd7e6010d86d191bb21c75aec
Saving successful migration to network...
  ... 0xf1e67d30e63f3bf2479c672be723bd985b889ff1e2b20e75c6b5af1c6c550854
Saving artifacts...
Running migration: 6_transfer_tokens_for_dev.js
  Running step...
Skipping
Saving successful migration to network...
  ... 0xf859ff1b6e501313cefcae5719d40aba625978b7d268b95f655431467e3e2dda
Saving artifacts...
Running migration: 7_create_token_whitelist.js
Saving successful migration to network...
  ... 0xc8980ddd0503bde40991f540c063ce1d9869f2c9de0aaa2f553f80237ed28fb2
  ... 0xbf2f810c6307803543d887173c5a5a88ebfd8b006b799590878515f75a171d3f
Saving artifacts...
Running migration: 8_whitelist_affiliate.js
  Running step...
Added token contract owner 0xff2ba846ab52edbd724a5ef674abf5a763849b61 to whitelist
whitelisting affiliate 0xc1a33cda27c68e47e370ff31cdad7d6522ea93d5
  ... 0x68d0bebe46c1a671e2398f7963669b48964253ea0b6c7317fb5773d2571793fa
  ... 0x4fafe1e6c19bacd031580dda276e7d50e41965cb77440b1008429ce5c32e03ee
Saving successful migration to network...
  ... 0xa50ea9e2461e11a5a1dabed0b4c2e31ed3cd43a1815e5856b8c0e34983051258
Added marketplace 0xe842831533c4bf4b0f71b4521c4320bdb669324e to whitelist
  ... 0x0c8778f090068e3ef67fa0c091b8e7e9f8fd2fba923751166f18875eafd3d5e8
Enabled token whitelist, expiring at UNIX timestamp 1551340800
Saving artifacts...
Running migration: 9_transfer_ownership_and_tokens_for_mainnet.js
  Running step...
Saving successful migration to network...
  ... 0xa10fe95cb1fee0fca1243cbb1c51624e98bf2cf2e0ac3c8b33d3784f60a5cb8f
Saving artifacts...
Running migration: 10_verify_mainnet.js
  Running step...
Saving successful migration to network...
  ... 0x5d408f0fa717d7817df0f86d51a8975fdf12a2b3b7c50517807efb54ae52d4e1
Saving artifacts...
