Using network 'ropsten'.

Running migration: 1_initial_migration.js
  Deploying Migrations...
  ... 0xf5be4b8c40ac5883fc10bcd9943250e78f3d4d0ef0b33252e8804a9603987815
  Migrations: 0xbba53b5f0ba938310e67ffd0aef84c088987f6ff
Saving successful migration to network...
  ... 0xe9f312e942e823c86b91ea13a78917eed5e410b23538231774508ef532c41c20
Saving artifacts...
Running migration: 2_deploy_contracts.js
  Running step...
  Deploying PurchaseLibrary...
  ... 0x34d2765cc5c4dd6cb6fc7bb89d83619a1815b8dbe600a5e8df5c8252497d97f8
  PurchaseLibrary: 0x50945af445717052aca9ce81b7762804e83a3f89
  Linking PurchaseLibrary to ListingsRegistry
  Linking PurchaseLibrary to UnitListing
  Linking PurchaseLibrary to FractionalListing
  Deploying ListingsRegistryStorage...
  ... 0xdb874e3b4e2eb6e0ac23812246aeb9dbe27295eca010bbbbb1b89825de50fed3
  ListingsRegistryStorage: 0x2293f5592885de85c68b03f69522023957ad5133
  Deploying ListingsRegistry...
  ... 0x2474dd4571e69a3e10004c6d08f27b5655c31808d0164f8a41a2520de5565093
  ListingsRegistry: 0x67057a6ddbc10d1c75a8812f770854f8627fc7b6
  Deploying UserRegistry...
  ... 0xffa0c58ceb20c688e29b87f8d74b43b8217cba4290672f83897fa895cb402fdb
  ... 0x48af395eeff94e191fad9e22406db6b8770e35367435d74a11386d987cbd1824
  UserRegistry: 0x66dc9c44e49f3fb275a3c63d02d78a819c58f458
  Deploying KeyHolderLibrary...
  ... 0x5633858cab56908677d6b68ff5ae209eadace14ac7a9161a652d25a329183ea0
  KeyHolderLibrary: 0x4a80ed225115cb80dbeff1bba38d09c43b06c9c0
  Linking KeyHolderLibrary to KeyHolder
  Linking KeyHolderLibrary to ClaimHolderLibrary
  Deploying ClaimHolderLibrary...
  ... 0xe8cb70e99c4b1b09d821397b0aad314e885f132abdc5c984b5052bc224da1590
  ClaimHolderLibrary: 0x8ed1562d9ad4bcf2a291721c31ab12a96f094b2b
  Linking ClaimHolderLibrary to ClaimHolder
  Linking KeyHolderLibrary to ClaimHolder
  Linking ClaimHolderLibrary to ClaimHolderRegistered
  Linking KeyHolderLibrary to ClaimHolderRegistered
  Linking ClaimHolderLibrary to ClaimHolderPresigned
  Linking KeyHolderLibrary to ClaimHolderPresigned
  Linking ClaimHolderLibrary to OriginIdentity
  Linking KeyHolderLibrary to OriginIdentity
  Deploying OriginIdentity...
  ... 0x3b922ccbc71a8beafa0c3c5d0238eb6fc9d373e7533a2313008918ea9c30628e
  OriginIdentity: 0xe1bf90c1fcac71cf718a3f239f71023b0f64281d
Saving successful migration to network...
  ... 0x3aa7609083d390960fbcb1d1f59d862d391149aa1d43434e52190651ad029af8
Saving artifacts...
Running migration: 3_create_sample_listings.js
  Running step...
default_account:       0xff2ba846ab52edbd724a5ef674abf5a763849b61
a_seller_account:      0x3003f9dcfdc17e63cfe7023130b804829b369882
a_buyer_account:       0xc1d1510b22f8119c3186637198821c03f1dbb2be
another_buyer_account: 0x743e2d6dfc80dcae9c05511cdf8595fd3a6ef725
  ... 0xb4e1ae7a7be627999e62400b8049fae40a75710b84b4086cc973c2504e594545
  ... 0xcf197a86449e42d5e9979aa6123d904e84166916d03698c5c7bec72695ed2eb1
  ... 0xdc8be01fd72832cecaaf8b8c47d5cce6d6dd66186473ba017fb1b85cf566a14b
  ... 0x2b87d8ac2e978f7275f1b74ad2b1b55c090f4a0f9e612548cdfd415fa02cfe39
  ... 0xd063dca6aa15247a41bcdb5a05c79f30c16199fbf8152e459d871bb27877a4ed
Saving successful migration to network...
  ... 0x0fae27899f07c5abeca4b73a5014894d8436a77cc12696bddf69795ba0724619
Saving artifacts...
Running migration: 4_add_sample_issuers.js
  Running step...
  ... 0x666f5f75717e1802ccf5bc34590bdba43c2cd57871f45d8942fc1472b9822f5d
Saving successful migration to network...
  ... 0x68ec294111b7d100d1b7118e946be889a0d73aa5677c672a87eec6158c29da85
Saving artifacts...
