 npx truffle migrate --network mainnet
Configured truffle to use PrivateKey provider for Mainnet.
Using network 'mainnet'.

Running migration: 14_deploy_vA_marketplace_contracts.js
  Running step...
  Deploying VA_Marketplace...
  ... 0x0a9d87d452d099945355eba51ce19b60360a29f17865f53e357c5fa632d295a1
  VA_Marketplace: 0x3ddb21eff50640af57bcea41374001aff245bf28
Saving successful migration to network...
  ... 0x34bce88d1a86e7adfe0ad096fafaac8cbce14f913b23e69a40f0f3e8c74d23d7
Saving artifacts...
Running migration: 15_whitelist_vA_affiliate.js
  Running step...
whitelisting affiliate 0x7aD0fa0E2380a5e0208B25AC69216Bd7Ff206bF8
  ... 0xb12514b6b999fc04de6db6086b01aac801b913a6a2581b63461b650c0b0619fa
Saving successful migration to network...
  ... 0xe52ac4169832f97c05afd1d10b612529974b3d9e4196882d1518fc4d2acb9b7f
Saving artifacts...
Running migration: 16_whitelist_vA_token.js
Saving successful migration to network...
  ... 0x842f9b29c9e8cdd98dc6177133f2d69cf4c30bfe9b022e6172579dad43e81e9b
Saving artifacts...g artifacts
