Configured truffle to use PrivateKey provider for Mainnet.
Compiling ./contracts/Migrations.sol...
Compiling ./contracts/identity/ClaimHolder.sol...
Compiling ./contracts/identity/ClaimHolderLibrary.sol...
Compiling ./contracts/identity/ClaimHolderPresigned.sol...
Compiling ./contracts/identity/ClaimHolderRegistered.sol...
Compiling ./contracts/identity/ClaimVerifier.sol...
Compiling ./contracts/identity/ERC725.sol...
Compiling ./contracts/identity/ERC735.sol...
Compiling ./contracts/identity/KeyHolder.sol...
Compiling ./contracts/identity/KeyHolderLibrary.sol...
Compiling ./contracts/identity/OriginIdentity.sol...
Compiling ./contracts/identity/V00_UserRegistry.sol...
Compiling ./contracts/marketplace/v00/Marketplace.sol...
Compiling ./contracts/multisig/IMultiSigWallet.sol...
Compiling ./contracts/token/OriginToken.sol...
Compiling ./contracts/token/TokenMigration.sol...
Compiling ./contracts/token/WhitelistedPausableToken.sol...
Compiling ./../node_modules/openzeppelin-solidity/contracts/lifecycle/Pausable.sol...
Compiling ./../node_modules/openzeppelin-solidity/contracts/math/SafeMath.sol...
Compiling ./../node_modules/openzeppelin-solidity/contracts/ownership/Ownable.sol...
Compiling ./../node_modules/openzeppelin-solidity/contracts/token/ERC20/BasicToken.sol...
Compiling ./../node_modules/openzeppelin-solidity/contracts/token/ERC20/BurnableToken.sol...
Compiling ./../node_modules/openzeppelin-solidity/contracts/token/ERC20/DetailedERC20.sol...
Compiling ./../node_modules/openzeppelin-solidity/contracts/token/ERC20/ERC20.sol...
Compiling ./../node_modules/openzeppelin-solidity/contracts/token/ERC20/ERC20Basic.sol...
Compiling ./../node_modules/openzeppelin-solidity/contracts/token/ERC20/MintableToken.sol...
Compiling ./../node_modules/openzeppelin-solidity/contracts/token/ERC20/PausableToken.sol...
Compiling ./../node_modules/openzeppelin-solidity/contracts/token/ERC20/StandardToken.sol...
Writing artifacts to ./build/contracts

Using network 'mainnet'.

Running migration: 1_initial_migration.js
  Replacing Migrations...
  ... 0x4365b036034ee1b46ca2b6ec694b5733d9ceb38726560e5b975ccaaf3bc6fd96
  Migrations: 0xdb82f88d572d99e4ebd10ed50e761c2ced00f380
Saving successful migration to network...
  ... 0x5b6e964f2f78ecc351744c0e48f469717f641bd74fa78c53581d048863f3981c
Saving artifacts...
Running migration: 2_deploy_marketplace_contracts.js
  Running step...
  Replacing OriginToken...
  ... 0x9b8a3a8db40b02078f89cec2eed569682a23e37b36c3e462190ef391ebdd1d11
  OriginToken: 0x8207c1ffc5b6804f6024322ccf34f29c3541ae26
  Replacing V00_Marketplace...
  ... 0xd08a190b4e84ab55bc6a104122cf932a2932de84d4957d22356b2be65e25e987
  V00_Marketplace: 0x819bb9964b6ebf52361f1ae42cf4831b921510f9
  ... 0xbf896e9f06eee7d01aec63c02fd469ed2af4dae505a50c536fdd72e7d6257666
Saving successful migration to network...
  ... 0xd0999ea6d9228303f6211435c16d2ebaf5b6f57967bdb8a9dea3966f386b3bfd
Saving artifacts...
Running migration: 3_create_sample_listings.js
  Running step...
Skipping sample listings creation on mainnet
Saving successful migration to network...
  ... 0x2e4a5ff939f17622ba9e0598a0b1fdf2b0d2d47bf4508bfa831471b962b2037a
Saving artifacts...
Running migration: 4_deploy_identity_contracts.js
  Running step...
  Deploying V00_UserRegistry...
  ... 0x5f0fd1d48c04d4651d0e738aba772146f7f09d9567fbe6328405a5a1b3221796
  V00_UserRegistry: 0xa4428439ec214cc68240552ec93298d1da391114
  Deploying KeyHolderLibrary...
  ... 0x20a676386fce1d4f39cc99a9ab05bf71fb9d076aedaad9d99ed185fd1bad9ebd
  KeyHolderLibrary: 0x7d26ae0838c4e15a87e9d3b26b03a0256c7554d8
  Linking KeyHolderLibrary to KeyHolder
  Linking KeyHolderLibrary to ClaimHolderLibrary
  Deploying ClaimHolderLibrary...
  ... 0x01ecba85d6a5a4438c35919415c4aa51dd215d5688fabdd9913be19767eb06a9
  ClaimHolderLibrary: 0x1fe0b698b02bbc7fc7029ee1fc15885389b53067
  Linking ClaimHolderLibrary to ClaimHolder
  Linking KeyHolderLibrary to ClaimHolder
  Linking ClaimHolderLibrary to ClaimHolderRegistered
  Linking KeyHolderLibrary to ClaimHolderRegistered
  Linking ClaimHolderLibrary to ClaimHolderPresigned
  Linking KeyHolderLibrary to ClaimHolderPresigned
  Linking ClaimHolderLibrary to OriginIdentity
  Linking KeyHolderLibrary to OriginIdentity
  Deploying OriginIdentity...
  ... 0x92d55cba67d6084d0490f44a843fe3155f22ac54ad67c8bd71ac84200a5b6b3d
  OriginIdentity: 0x1af44feeb5737736b6beb42fe8e5e6b7bb7391cd
Saving successful migration to network...
  ... 0xb138387861caff1467bad562ea675931400715bbd78f49e7de000f1e61fdacef
Saving artifacts...
Running migration: 5_create_sample_issuers.js
  Running step...
  ... 0xb18ed963d38649b4cca8a856f6728b9edf7ca86035ab59a1e014faf1765953ea
Saving successful migration to network...
  ... 0xf5a0654a0cfffec1ab21f9cc39a7195300f15b59ac7af4992f4cca8dbecc9efc
Saving artifacts...
Running migration: 6_transfer_tokens_for_dev.js
  Running step...
Skipping
Saving successful migration to network...
  ... 0x59a0c0deaf0b3fe5adba685cd6a0d8598e96817890e53b4993b82e4d397112c1
Saving artifacts...
Running migration: 7_create_token_whitelist.js
Saving successful migration to network...
  ... 0x435d8a1dfd1790281fb8b45781da645b5e84b8fd585165dae229753c0654a568
  ... 0xf4b68bf23d1db8abe016186e60f25103be37d63dc5fda0f1f91eb45ae49a099f
Saving artifacts...
Running migration: 8_whitelist_affiliate.js
  Running step...
whitelisting affiliate 0x7aD0fa0E2380a5e0208B25AC69216Bd7Ff206bF8
  ... 0x5f8a34309d2e4930111ba2f7c5b8614281befefe961d94f2827b8ac70d86348c
Added token contract owner 0xaed9fdc9681d61edb5f8b8e421f5cee8d7f4b04f to whitelist
  ... 0x35057fe799a44dccaeb31d7136849f612c381ce30c35c511155b731548bb1eda
Saving successful migration to network...
  ... 0xe0ac884ebf81a1c6d25b6b5a82dde448b1ffc6c6e90a29aa70bdf5777c2fa189
Added marketplace 0x819bb9964b6ebf52361f1ae42cf4831b921510f9 to whitelist
  ... 0x6416b415c6d32a490b77b85d7ad8e3a7cdf9466dfe114726415336a8c0a20b89
Saving artifacts...
Running migration: 9_transfer_ownership_and_tokens_for_mainnet.js
  Running step...
  ... 0xc322f8a433ea05b35a3d1a4fe5e361fd3079acba57e40622983850b608cf39b9
Added address 0x7aD0fa0E2380a5e0208B25AC69216Bd7Ff206bF8 to whitelist
  ... 0x4c701980e5fa5bb77801aadce8c992d00fd20802da0962f868a125e2f1cc79f5
transferred 1000000000 OGN to 0xe011fa2a6df98c69383457d87a056ed0103aa352
  ... 0x78491fa4c3365d892ea0fdb37b2a95a8bcf9268c75eb1aab2760944b61293ad7
Added address 0xe011fa2a6df98c69383457d87a056ed0103aa352 to whitelist
  ... 0xe8f60a57ef93ecc2a26da2e65289612dcfc090809c9d8564dd2382bbb6232cdb
  ... 0xce21b683ccbb5d1c82b6886cebfbff4fb00b41334a0d9480f03d2c20136fa8ea
Enabled token whitelist, expiring at UNIX timestamp 1551340800
token contract owner set to 0xe011fa2a6df98c69383457d87a056ed0103aa352
  ... 0x5a81014fc6fefc530376be17e80733bf7dbcd2cedc5a3fd5b8a255da855465b4
marketplace contract owner set to 0x8a1a4f77f9f0eb35fb9930696038be6220986c1b
Saving successful migration to network...
  ... 0x341ca8b47991daec4b6a56b96d10337405f8229cbd5b0da8960340f6ecfaceb7
Saving artifacts...
Running migration: 10_verify_mainnet.js
  Running step...
Validating token contract
  * name: pass
  * decimals: pass
  * symbol: pass
  * owner: pass
  * not paused: pass
  * marketplace whitelisted for approveAndCallWithSender: pass
  * old owner not allowed to transfer tokens: pass
  * marketplace allowed to transfer tokens: pass
  * multi-sig allowed to transfer tokens: pass
  * other wallet allowed to transfer tokens: pass
  * whitelist expires on 2/28/2019: pass
Validating marketplace contract
  * marketplace tokenAddr points to OriginToken: pass
  * marketplace contract owned by multi-sig: pass
  * marketplace affiliate whitelist enabled: pass
  * marketplace affiliate address is whitelisted: pass
Saving successful migration to network...
  ... 0xcb1092c28d0faa36e4bb0b5bcc64cc641aeb150ec19113fc98b4b610c1e98878
Saving artifacts...
