$ npx truffle migrate --network ropsten
Compiling ./contracts/Listing.sol...
Compiling ./contracts/ListingsRegistry.sol...
Compiling ./contracts/Migrations.sol...
Compiling ./contracts/Purchase.sol...
Compiling ./contracts/PurchaseLibrary.sol...
Compiling ./contracts/UserRegistry.sol...
Compiling ./contracts/identity/ClaimHolder.sol...
Compiling ./contracts/identity/ClaimHolderLibrary.sol...
Compiling ./contracts/identity/ClaimHolderPresigned.sol...
Compiling ./contracts/identity/ClaimHolderRegistered.sol...
Compiling ./contracts/identity/ClaimVerifier.sol...
Compiling ./contracts/identity/ERC725.sol...
Compiling ./contracts/identity/ERC735.sol...
Compiling ./contracts/identity/KeyHolder.sol...
Compiling ./contracts/identity/KeyHolderLibrary.sol...
Compiling ./contracts/identity/OriginIdentity.sol...
Writing artifacts to ./build/contracts

Using network 'ropsten'.

Running migration: 1_initial_migration.js
  Deploying Migrations...
  ... 0x0c151d67cc73d28440ad35d3f8a3948f4cb98d3c1aabefc6c383ef5325141922
  Migrations: 0xe2e32df1d7e9a921c520e2c9263b949635c864c1
Saving successful migration to network...
  ... 0x358534b78abb80847067ac61363d6211c78286b024854b61f845a68e07057a2c
Saving artifacts...
Running migration: 2_deploy_contracts.js
  Running step...
  Deploying PurchaseLibrary...
  ... 0x687d09de5c88bc582f40fa641530ee3d4a929bde4e120292c4b4d8a5b035c923
  PurchaseLibrary: 0xe367a47c875492ed2d646d8fa06ed5dc44f74bae
  Linking PurchaseLibrary to ListingsRegistry
  Linking PurchaseLibrary to Listing
  Deploying UserRegistry...
  ... 0x9b5e1ca64934b48643f6718f1c5b0f1f99016afe70b34237fbdc4e8e496d3e37
  UserRegistry: 0xd9ed0df63df8dbe53ef108de9b3c59ad0118912c
  Deploying ListingsRegistry...
  ... 0x133b7826552ec22c1a788bb85e7198ffd8d22c39650999365dfbb3da7266897a
  ListingsRegistry: 0x2861f28756e14cf0733383be8aa66ba3b65f1b4e
  Deploying KeyHolderLibrary...
  ... 0xcd5f76f87b91deb8c5a6be2108c2fa59701ee93a8aa78dae7d62fc8dd2a4d1a3
  KeyHolderLibrary: 0x8e88b51bb991fbb7f35749e87eaeb6079371ccba
  Linking KeyHolderLibrary to KeyHolder
  Linking KeyHolderLibrary to ClaimHolderLibrary
  Deploying ClaimHolderLibrary...
  ... 0x0da98fa7b5edef9ab4224c709e44e70f2d65845253cb498cf955c6598c18369e
  ClaimHolderLibrary: 0x369836ffab631d5fd1cca20b6746743e9b6459fd
  Linking ClaimHolderLibrary to ClaimHolder
  Linking KeyHolderLibrary to ClaimHolder
  Linking ClaimHolderLibrary to ClaimHolderRegistered
  Linking KeyHolderLibrary to ClaimHolderRegistered
  Linking ClaimHolderLibrary to ClaimHolderPresigned
  Linking KeyHolderLibrary to ClaimHolderPresigned
  Linking ClaimHolderLibrary to OriginIdentity
  Linking KeyHolderLibrary to OriginIdentity
  Deploying OriginIdentity...
  ... 0x88592440d3dcaedf8dd75d140395cbe8144a118d2db5ea731f279c4d7f2821f5
Error: Invalid JSON RPC response: ""
    at Object.InvalidResponse (/Users/stan/Origin/origin-js/node_modules/truffle-hdwallet-provider/node_modules/web3/lib/web3/errors.js:35:16)
    at XMLHttpRequest.request.onreadystatechange (/Users/stan/Origin/origin-js/node_modules/truffle-hdwallet-provider/node_modules/web3/lib/web3/httpprovider.js:115:32)
    at XMLHttpRequestEventTarget.dispatchEvent (/Users/stan/Origin/origin-js/node_modules/xhr2/lib/xhr2.js:64:18)
    at XMLHttpRequest._setReadyState (/Users/stan/Origin/origin-js/node_modules/xhr2/lib/xhr2.js:354:12)
    at XMLHttpRequest._onHttpResponseEnd (/Users/stan/Origin/origin-js/node_modules/xhr2/lib/xhr2.js:509:12)
    at IncomingMessage.<anonymous> (/Users/stan/Origin/origin-js/node_modules/xhr2/lib/xhr2.js:469:24)
    at emitNone (events.js:110:20)
    at IncomingMessage.emit (events.js:207:7)
    at endReadableNT (_stream_readable.js:1059:12)
    at _combinedTickCallback (internal/process/next_tick.js:138:11)
    at process._tickCallback (internal/process/next_tick.js:180:9)
Error: Invalid JSON RPC response: ""
    at Object.InvalidResponse (/Users/stan/Origin/origin-js/node_modules/truffle-hdwallet-provider/node_modules/web3/lib/web3/errors.js:35:16)
    at XMLHttpRequest.request.onreadystatechange (/Users/stan/Origin/origin-js/node_modules/truffle-hdwallet-provider/node_modules/web3/lib/web3/httpprovider.js:115:32)
    at XMLHttpRequestEventTarget.dispatchEvent (/Users/stan/Origin/origin-js/node_modules/xhr2/lib/xhr2.js:64:18)
    at XMLHttpRequest._setReadyState (/Users/stan/Origin/origin-js/node_modules/xhr2/lib/xhr2.js:354:12)
    at XMLHttpRequest._onHttpResponseEnd (/Users/stan/Origin/origin-js/node_modules/xhr2/lib/xhr2.js:509:12)
    at IncomingMessage.<anonymous> (/Users/stan/Origin/origin-js/node_modules/xhr2/lib/xhr2.js:469:24)
    at emitNone (events.js:110:20)
    at IncomingMessage.emit (events.js:207:7)
    at endReadableNT (_stream_readable.js:1059:12)
    at _combinedTickCallback (internal/process/next_tick.js:138:11)
    at process._tickCallback (internal/process/next_tick.js:180:9)
Error: Invalid JSON RPC response: ""
    at Object.InvalidResponse (/Users/stan/Origin/origin-js/node_modules/truffle-hdwallet-provider/node_modules/web3/lib/web3/errors.js:35:16)
    at XMLHttpRequest.request.onreadystatechange (/Users/stan/Origin/origin-js/node_modules/truffle-hdwallet-provider/node_modules/web3/lib/web3/httpprovider.js:115:32)
    at XMLHttpRequestEventTarget.dispatchEvent (/Users/stan/Origin/origin-js/node_modules/xhr2/lib/xhr2.js:64:18)
    at XMLHttpRequest._setReadyState (/Users/stan/Origin/origin-js/node_modules/xhr2/lib/xhr2.js:354:12)
    at XMLHttpRequest._onHttpResponseEnd (/Users/stan/Origin/origin-js/node_modules/xhr2/lib/xhr2.js:509:12)
    at IncomingMessage.<anonymous> (/Users/stan/Origin/origin-js/node_modules/xhr2/lib/xhr2.js:469:24)
    at emitNone (events.js:110:20)
    at IncomingMessage.emit (events.js:207:7)
    at endReadableNT (_stream_readable.js:1059:12)
    at _combinedTickCallback (internal/process/next_tick.js:138:11)
    at process._tickCallback (internal/process/next_tick.js:180:9)
  OriginIdentity: 0x788371f0976b370f435ef45303f8f7f14ee27e15
Saving successful migration to network...
  ... 0xa5771d126f1466866f24c344d028266788334026ef53b333643cdf6d19535486
Saving artifacts...
Running migration: 3_create_sample_listings.js
  Running step...
default_account:       0x1a5c29c94d03c4c8f7414564cbd57295d61e898f
a_seller_account:      0x564aae0251d49d1f8d4d8d9e5da08f8cceff9ef2
a_buyer_account:       0x47d4e5afd1624ea63cd7ace59d5dc1d87cff3bb5
another_buyer_account: 0xb7cc090637f6af85e3ed8cc623a5efe95b90b9f9
  ... 0x04b4f2fcd181ca52a93b6b07d3026518895799b85b7273c41778429857de80da
  ... 0x31b4e83e0d39ce460cb7e656c40a9b2af95663ddbe0be393709db2e317ba061f
  ... 0x01263a13bbbb4bafffa03c746be0e7166d9b28fbdbe875395a971dcf90280f38
  ... 0xd0a2a981562b4314271d87a124ca1c7b9f311cca62a875dfcc3c11be34a63174
  ... 0x24d7732c10f47f4826122eaf0cce231bac51b20e123c1753fb1e9a3df434edf9
Saving successful migration to network...
  ... 0x564535b5a4d47150b6c8d3f59f1abacc0717760e767f459036fe37f2f4845521
Saving artifacts...
Running migration: 4_add_sample_issuers.js
  Running step...
  ... 0x98c8367797201eeb395775115afacacc57cf4d1c03c770b719a522306d8c8872
  ... 0x98b09e365414cf6a6143e3868ccf38f2f942ffec26549cea426e7e117ddd7411
Saving successful migration to network...
  ... 0x064841d74747e709176b708e8473f840a70603984f1f1266afe6937fda0d8ee2
Saving artifacts...
