Using network 'rinkeby'.

Running migration: 1_initial_migration.js
  Deploying Migrations...
  ... 0x0885b7021b73169a25dacdb895d1a028bab4791c58d8edb4df373f3123ba5209
  Migrations: 0xed747bfc08ec4f97f04278b7940acefbd8d7f4cc
Saving successful migration to network...
  ... 0x010ef25e82c54a56cf8b55527720b9e9c11fe82eda74e9d9149c1661979293be
Saving artifacts...
Running migration: 2_deploy_contracts.js
  Running step...
  Deploying PurchaseLibrary...
  ... 0x2be7f975ba7507a67604ad519f99f56f0e45dd05f8e528fe3ad38c25e6cc7c47
  PurchaseLibrary: 0x0b3fc419df0ee2caa30b512fa098c7e0c0582d0c
  Linking PurchaseLibrary to ListingsRegistry
  Linking PurchaseLibrary to Listing
  Deploying UserRegistry...
  ... 0xd8285c96e319db762b13129fe202bf28e5c0f42d47ce94ae5448deefae3d43a9
  UserRegistry: 0xa080e08a6355debebbc29b9e35d8c001ad6eb3cd
  Deploying ListingsRegistry...
  ... 0xc18d795c699d8e6d804b9e83ac2f3b2ce218667f249852cc4ed886c4d646abd2
  ListingsRegistry: 0xf9555a250a36f59c6b74aabec018b8f55da72ec4
  Deploying KeyHolderLibrary...
  ... 0xc2fc5a949183df415a9b5e7a29644689982a6cbf0a39ba5739ab75cf1485b15f
  KeyHolderLibrary: 0xb67eaa8e3044c2cfbe7a4bd9192111712db0d09b
  Linking KeyHolderLibrary to KeyHolder
  Linking KeyHolderLibrary to ClaimHolderLibrary
  Deploying ClaimHolderLibrary...
  ... 0x312336e48d659b34b5719648c8b4655255ba82ae1a07b3dc9928b4588e2c56e9
  ClaimHolderLibrary: 0x7c410ddc563cbb03f9d21fd1616c597e7c66318f
  Linking ClaimHolderLibrary to ClaimHolder
  Linking KeyHolderLibrary to ClaimHolder
  Linking ClaimHolderLibrary to ClaimHolderRegistered
  Linking KeyHolderLibrary to ClaimHolderRegistered
  Linking ClaimHolderLibrary to ClaimHolderPresigned
  Linking KeyHolderLibrary to ClaimHolderPresigned
  Linking ClaimHolderLibrary to OriginIdentity
  Linking KeyHolderLibrary to OriginIdentity
  Deploying OriginIdentity...
  ... 0x8215c58d6df2d026f86a72c84db6b8df889885dc1154e3a8777be73e9f5c45dd
  OriginIdentity: 0xc8467dc9155f9d7045ea478c85dc074aecb893c6
Saving successful migration to network...
  ... 0x7af8c2eea29e1deee826228fec79f39ba55ab2522c1a678409c25060ebfa262d
Saving artifacts...
Running migration: 3_create_sample_listings.js
  Running step...
default_account:       0x1a5c29c94d03c4c8f7414564cbd57295d61e898f
a_seller_account:      0x564aae0251d49d1f8d4d8d9e5da08f8cceff9ef2
a_buyer_account:       0x47d4e5afd1624ea63cd7ace59d5dc1d87cff3bb5
another_buyer_account: 0xb7cc090637f6af85e3ed8cc623a5efe95b90b9f9
  ... 0x506f96280576400dbf5408918658a38fcf5bc6e48daf472c6d34bf14f14b0564
  ... 0x82b59071c9938df411b11c176a2874214ee01e347ff18afc9c3894fb5e57ff59
  ... 0x361456cd2d0eccdf9aab7dcf1a3e710d0a6f6c909e7ae6ec43b59d68aec287ea
  ... 0xe193bdb6da94c91a8a9da9f0fc433ee1d7199b1b44834ea9a56b13b621514f7e
  ... 0x7bd7a8539cb02b2fa2057831ce4d49868a1fce9facbcea6191075abac275607c
Saving successful migration to network...
  ... 0x8b0f922176a5dfe75cb0183e1b628d3aecf3408373114a7f2499a3de4bf64264
Saving artifacts...
Running migration: 4_add_sample_issuers.js
  Running step...
  ... 0xa81b0b0fb36b0e35a26b4f10a971cb06f78fefccf8e70629796cedf2ca87d080
  ... 0xfbb19c13527aa5d156d63f11b17d22dbee15271c1b3db5449c9fb50fb90ae72a
Saving successful migration to network...
  ... 0xa656ced07ec1236e03fcdcde4d46d548dad1b2f9a1afda95741ab6a96ed2231d
Saving artifacts...
