Using network 'rinkeby'.

Running migration: 1_initial_migration.js
  Deploying Migrations...
  ... 0xfef13dcdb8581ee85e1cc60bfeac86a25e168439257d4c7f68a5a304520f1d06
  Migrations: 0xa4dd200833725502d01a62b7fc19d2ad2ef86579
Saving successful migration to network...
  ... 0x6c343e3f350e5910b3cb5bd62bed18f484555ed90945c340efcdef008f992112
Saving artifacts...
Running migration: 2_deploy_contracts.js
  Running step...
  Deploying PurchaseLibrary...
  ... 0x33249f338020ccfa40640acf48b3cfcc1eba845e3f280489e256eb06799879d8
  PurchaseLibrary: 0x97207ce0e1d00cb386ec8c056ca24d3ee90222dd
  Linking PurchaseLibrary to ListingsRegistry
  Linking PurchaseLibrary to UnitListing
  Linking PurchaseLibrary to FractionalListing
  Deploying ListingsRegistryStorage...
  ... 0xc8475313274193d18d08259f1a898bf0ee3eb13318ddf50b4415b11979a38261
  ListingsRegistryStorage: 0x12593d9f73d8cc7056dc073617380694e92d3a49
  Deploying ListingsRegistry...
  ... 0x0926828673caec35d70c3edf28cfa8b1086d145c27d75d789210f18cdbdd1cc4
  ListingsRegistry: 0x4f041f3ec338f85048831d1dff15433d3cb3983f
  Deploying UserRegistry...
  ... 0xe5215d142166c204c7a3e686302faead9994ed332871e4c942f63fed78c94386
  ... 0x6b35773c40a675cb6161446b0cf8151481caeb01fb3d5947d2093e55728813ae
  UserRegistry: 0xa8c4743d0e63c91ebe2f391d62a755535a458174
  Deploying KeyHolderLibrary...
  ... 0x013adf215c67f630eeaa7f5151cd475b2f1cf80cca1d8fc022e3cc2b36202b3e
  KeyHolderLibrary: 0x2d8d9390c4d26529f2f1777a9fff427993b112ac
  Linking KeyHolderLibrary to KeyHolder
  Linking KeyHolderLibrary to ClaimHolderLibrary
  Deploying ClaimHolderLibrary...
  ... 0x9d75a56f82e7db8bb15a63fa79f27588ef7cc789f921dbb22f0132780c23d3d3
  ClaimHolderLibrary: 0xe7f86637fd14c291aebdf5c152fd0a6811024a6e
  Linking ClaimHolderLibrary to ClaimHolder
  Linking KeyHolderLibrary to ClaimHolder
  Linking ClaimHolderLibrary to ClaimHolderRegistered
  Linking KeyHolderLibrary to ClaimHolderRegistered
  Linking ClaimHolderLibrary to ClaimHolderPresigned
  Linking KeyHolderLibrary to ClaimHolderPresigned
  Linking ClaimHolderLibrary to OriginIdentity
  Linking KeyHolderLibrary to OriginIdentity
  Deploying OriginIdentity...
  ... 0xb5dcb1bab30037d677c52c03b4a6b11919bf635e5c2cbeab303999dd4c92a2b6
  OriginIdentity: 0x64bfb1657a382ebdfaf1f582b00706d99e911393
Saving successful migration to network...
  ... 0x3aa7bb564bdb85f1ba34bee9e5edd8378518707e1dc5bf43ee176961e5a29896
Saving artifacts...
Running migration: 3_create_sample_listings.js
  Running step...
default_account:       0xff2ba846ab52edbd724a5ef674abf5a763849b61
a_seller_account:      0x3003f9dcfdc17e63cfe7023130b804829b369882
a_buyer_account:       0xc1d1510b22f8119c3186637198821c03f1dbb2be
another_buyer_account: 0x743e2d6dfc80dcae9c05511cdf8595fd3a6ef725
  ... 0x6d1b83a921ed43d30e56993ca97886c4ffcea16c7fe876bd17cac9ef417b9746
  ... 0x36f48fdf02e2de1632ab76dd3a1ecb197fab0090425bbe6126679a7ce68b6942
  ... 0x5f7437924c9a4787cc443bfad7588242c31659b40fb638e3ce13de7a4115d969
  ... 0x2b220bfbaf6fefc40b4e9013173d952b11d17718af12639cc94d1c68ad4f427e
  ... 0x45aa213a67e88f63c44f7b9a0b3f293151d779fb0c0845338ad61f34f36db8f6
Saving successful migration to network...
  ... 0xe97e91661b598b9ebc20b438ce4790d556d21a47f17abaad49966897fd5d3c71
Saving artifacts...
Running migration: 4_add_sample_issuers.js
  Running step...
  ... 0x256e534005a16213d73033863f065f3d54247bcfe00b2fd056998da54e5da64e
Saving successful migration to network...
  ... 0xf164a794911f8635eda64aff9d078e40eba92c0f278e75610a251dc4ddf60f59
Saving artifacts...
