Compiling ./contracts/Migrations.sol...
Compiling ./contracts/identity/ClaimHolder.sol...
Compiling ./contracts/identity/ClaimHolderLibrary.sol...
Compiling ./contracts/identity/ClaimHolderPresigned.sol...
Compiling ./contracts/identity/ClaimHolderRegistered.sol...
Compiling ./contracts/identity/ClaimVerifier.sol...
Compiling ./contracts/identity/ERC725.sol...
Compiling ./contracts/identity/ERC735.sol...
Compiling ./contracts/identity/KeyHolder.sol...
Compiling ./contracts/identity/KeyHolderLibrary.sol...
Compiling ./contracts/identity/OriginIdentity.sol...
Compiling ./contracts/identity/V00_UserRegistry.sol...
Compiling ./contracts/marketplace/v00/Marketplace.sol...
Compiling ./contracts/multisig/IMultiSigWallet.sol...
Compiling ./contracts/token/OriginToken.sol...
Compiling ./contracts/token/TokenMigration.sol...
Compiling ./contracts/token/WhitelistedPausableToken.sol...
Compiling ./../node_modules/openzeppelin-solidity/contracts/lifecycle/Pausable.sol...
Compiling ./../node_modules/openzeppelin-solidity/contracts/math/SafeMath.sol...
Compiling ./../node_modules/openzeppelin-solidity/contracts/ownership/Ownable.sol...
Compiling ./../node_modules/openzeppelin-solidity/contracts/token/ERC20/BasicToken.sol...
Compiling ./../node_modules/openzeppelin-solidity/contracts/token/ERC20/BurnableToken.sol...
Compiling ./../node_modules/openzeppelin-solidity/contracts/token/ERC20/DetailedERC20.sol...
Compiling ./../node_modules/openzeppelin-solidity/contracts/token/ERC20/ERC20.sol...
Compiling ./../node_modules/openzeppelin-solidity/contracts/token/ERC20/ERC20Basic.sol...
Compiling ./../node_modules/openzeppelin-solidity/contracts/token/ERC20/MintableToken.sol...
Compiling ./../node_modules/openzeppelin-solidity/contracts/token/ERC20/PausableToken.sol...
Compiling ./../node_modules/openzeppelin-solidity/contracts/token/ERC20/StandardToken.sol...
Writing artifacts to ./build/contracts

Using network 'rinkeby'.

Running migration: 11_update_claim_holder_library.js
  Running step...
  Replacing ClaimHolderLibrary...
  ... 0xefe7eefc273f78224e00c6fe96c8efb1acc797865f6921c37f547599c6e5de0e
  ClaimHolderLibrary: 0x75601c2dc926b0e3ce41b1ae719290c62aba978e
Saving successful migration to network...
  ... 0x3ddbabb698ca2eba32218345c08b83cf037a46b86267015249af813eaf4d27f3
Saving artifacts...
