Compiling ./contracts/Migrations.sol...
Compiling ./contracts/identity/ClaimHolder.sol...
Compiling ./contracts/identity/ClaimHolderLibrary.sol...
Compiling ./contracts/identity/ClaimHolderPresigned.sol...
Compiling ./contracts/identity/ClaimHolderRegistered.sol...
Compiling ./contracts/identity/ClaimVerifier.sol...
Compiling ./contracts/identity/ERC725.sol...
Compiling ./contracts/identity/ERC735.sol...
Compiling ./contracts/identity/KeyHolder.sol...
Compiling ./contracts/identity/KeyHolderLibrary.sol...
Compiling ./contracts/identity/OriginIdentity.sol...
Compiling ./contracts/identity/V00_UserRegistry.sol...
Compiling ./contracts/marketplace/v00/Marketplace.sol...
Compiling ./contracts/multisig/IMultiSigWallet.sol...
Compiling ./contracts/token/OriginToken.sol...
Compiling ./contracts/token/TokenMigration.sol...
Compiling ./contracts/token/WhitelistedPausableToken.sol...
Compiling ./../node_modules/openzeppelin-solidity/contracts/lifecycle/Pausable.sol...
Compiling ./../node_modules/openzeppelin-solidity/contracts/math/SafeMath.sol...
Compiling ./../node_modules/openzeppelin-solidity/contracts/ownership/Ownable.sol...
Compiling ./../node_modules/openzeppelin-solidity/contracts/token/ERC20/BasicToken.sol...
Compiling ./../node_modules/openzeppelin-solidity/contracts/token/ERC20/BurnableToken.sol...
Compiling ./../node_modules/openzeppelin-solidity/contracts/token/ERC20/DetailedERC20.sol...
Compiling ./../node_modules/openzeppelin-solidity/contracts/token/ERC20/ERC20.sol...
Compiling ./../node_modules/openzeppelin-solidity/contracts/token/ERC20/ERC20Basic.sol...
Compiling ./../node_modules/openzeppelin-solidity/contracts/token/ERC20/MintableToken.sol...
Compiling ./../node_modules/openzeppelin-solidity/contracts/token/ERC20/PausableToken.sol...
Compiling ./../node_modules/openzeppelin-solidity/contracts/token/ERC20/StandardToken.sol...
Writing artifacts to ./build/contracts

Using network 'rinkeby'.

Running migration: 1_initial_migration.js
  Replacing Migrations...
  ... 0xb8713448983f1fe8f0a01aeb3a999471e29a13ee363772fbea11e6ff78d9916e
  Migrations: 0x9e338ea1df42c3e0ba39721dd240f55f55cceb44
Saving successful migration to network...
  ... 0xd6ae193becfc1d420db85ede3296c871e1d8432e398cc67d7b8d037aed0ddd4f
Saving artifacts...
Running migration: 2_deploy_marketplace_contracts.js
  Running step...
  Replacing OriginToken...
  ... 0xffcb4bca822bd88cb43ca3849f5a413f8d5a43c448bf09ea016ee67934f62afe
  OriginToken: 0x30ea9d4b722ef40b2262278f13bf85486fb0ef83
  Replacing V00_Marketplace...
  ... 0xedb2afe578b49d041c9bf907bff5fb8f76160982851b7a39e1712f1ab7e6ced1
  V00_Marketplace: 0xbe67105baa64ee23918b8ae9cea28e1ceeed88dd
  ... 0x7ff47fd3068036d5dca48099f266ab27083ed5fa8c30134202515272408fcc86
Saving successful migration to network...
  ... 0x30332260c6f7076729f9e9f7da862880f64e44aeb265052c03e3caa9a7464110
Saving artifacts...
Running migration: 3_create_sample_listings.js
  Running step...
Skipping sample listings creation on rinkeby
Saving successful migration to network...
  ... 0xcaa06c8663927af9503201ab08d35d7ddd6be751f66a3507667d99db3dac4904
Saving artifacts...
Running migration: 4_deploy_identity_contracts.js
  Running step...
  Replacing V00_UserRegistry...
  ... 0x5c8b98f46d62bbb0b1f5c3c26cf58a97676565b2e78da2eb52d853eb0e7b5fcc
  V00_UserRegistry: 0x65f528a6771315a3e11e663ce9803439b3af91a3
  Replacing KeyHolderLibrary...
  ... 0x371cb1ed08dd1b394bff221498bd5154ebcc60d9736748f6d18ba7977e3c0b50
  KeyHolderLibrary: 0x7b0de7253db9f868e2aaf84b357ec084e2374fb7
  Linking KeyHolderLibrary to KeyHolder
  Linking KeyHolderLibrary to ClaimHolderLibrary
  Replacing ClaimHolderLibrary...
  ... 0xa7bba7ce4ab37c873a69ecbc3278c73bfd3d3de7e6994f28f26e1f0d7e05413e
  ClaimHolderLibrary: 0xf7f5282dd0eb5757c44379d2b8dc824713137fb4
  Linking ClaimHolderLibrary to ClaimHolder
  Linking KeyHolderLibrary to ClaimHolder
  Linking ClaimHolderLibrary to ClaimHolderRegistered
  Linking KeyHolderLibrary to ClaimHolderRegistered
  Linking ClaimHolderLibrary to ClaimHolderPresigned
  Linking KeyHolderLibrary to ClaimHolderPresigned
  Linking ClaimHolderLibrary to OriginIdentity
  Linking KeyHolderLibrary to OriginIdentity
  Replacing OriginIdentity...
  ... 0x90f2dc53fe3a12c264c76defe539fe56a1ca779dc56af028e3976d6b596858af
  OriginIdentity: 0x9b27350e185b1dba315d18a311097d7565ff184c
Saving successful migration to network...
  ... 0x717eee087eec16a282f3ba33a27bd51c3cf230bd180ac0d4b7d7790024084ad0
Saving artifacts...
Running migration: 5_create_sample_issuers.js
  Running step...
  ... 0x871cec4447c681de2f4655272f387deebd630f55b21eff225d77a6b708e33e05
Saving successful migration to network...
  ... 0x690863e7839cf0070f63a8f94e972d2115e172e339c8f0452e149762f270b36f
Saving artifacts...
Running migration: 6_transfer_tokens_for_dev.js
  Running step...
Skipping
Saving successful migration to network...
  ... 0x00eece7fcc2670e52b9b4388120f01ee3ec1777b62efe00b1179b4aeece15f7b
Saving artifacts...
