Configured truffle to use PrivateKey provider for Mainnet.
Compiling ./contracts/Migrations.sol...
Compiling ./contracts/identity/ClaimHolder.sol...
Compiling ./contracts/identity/ClaimHolderLibrary.sol...
Compiling ./contracts/identity/ClaimHolderPresigned.sol...
Compiling ./contracts/identity/ClaimHolderRegistered.sol...
Compiling ./contracts/identity/ClaimVerifier.sol...
Compiling ./contracts/identity/ERC725.sol...
Compiling ./contracts/identity/ERC735.sol...
Compiling ./contracts/identity/KeyHolder.sol...
Compiling ./contracts/identity/KeyHolderLibrary.sol...
Compiling ./contracts/identity/OriginIdentity.sol...
Compiling ./contracts/identity/V00_UserRegistry.sol...
Compiling ./contracts/marketplace/v00/Marketplace.sol...
Compiling ./contracts/multisig/IMultiSigWallet.sol...
Compiling ./contracts/token/OriginToken.sol...
Compiling ./contracts/token/TokenMigration.sol...
Compiling ./contracts/token/WhitelistedPausableToken.sol...
Compiling ./../node_modules/openzeppelin-solidity/contracts/lifecycle/Pausable.sol...
Compiling ./../node_modules/openzeppelin-solidity/contracts/math/SafeMath.sol...
Compiling ./../node_modules/openzeppelin-solidity/contracts/ownership/Ownable.sol...
Compiling ./../node_modules/openzeppelin-solidity/contracts/token/ERC20/BasicToken.sol...
Compiling ./../node_modules/openzeppelin-solidity/contracts/token/ERC20/BurnableToken.sol...
Compiling ./../node_modules/openzeppelin-solidity/contracts/token/ERC20/DetailedERC20.sol...
Compiling ./../node_modules/openzeppelin-solidity/contracts/token/ERC20/ERC20.sol...
Compiling ./../node_modules/openzeppelin-solidity/contracts/token/ERC20/ERC20Basic.sol...
Compiling ./../node_modules/openzeppelin-solidity/contracts/token/ERC20/MintableToken.sol...
Compiling ./../node_modules/openzeppelin-solidity/contracts/token/ERC20/PausableToken.sol...
Compiling ./../node_modules/openzeppelin-solidity/contracts/token/ERC20/StandardToken.sol...
Writing artifacts to ./build/contracts

Using network 'mainnet'.

Running migration: 1_initial_migration.js
  Deploying Migrations...
  ... 0x77da586b178695fbf8026a6c4ee38988e1350c647daf79a72c436fd53b9f4ef5
  Migrations: 0x864106c97520134f713a715a0f7a4adf6ed20a4d
Saving successful migration to network...
  ... 0x9286fbde630c279ed2873ed770157a496ed2d3583dcc336ed8c54a9d533b1dad
Saving artifacts...
Running migration: 2_deploy_marketplace_contracts.js
  Running step...
  Deploying OriginToken...
  ... 0xcda81693023bba2f9f4fd3cfdf0a899894b5d8940aec732d9e271c630e5fc721
  OriginToken: 0xc37a236c1b27b7a3d8b8d57b9c770b70d8ccc566
  Deploying V00_Marketplace...
  ... 0x87272a8511182c7f160ebfae224eaedd47b9a90fa122c1be42249696647320af
  V00_Marketplace: 0x05f4ae0ae089eba88db8b554b636b6f2fa43562d
  ... 0x85843394fad0c31ed83710d38a5031e203e96d8720240c06e5fe25c9dd320ee4
Saving successful migration to network...
  ... 0xc41aa90ef55de11666f84fe2178c33280b08cfab9ef43c54955d27cf849ebfd2
Saving artifacts...
Running migration: 3_create_sample_listings.js
  Running step...
Skipping sample listings creation on mainnet
Saving successful migration to network...
  ... 0xf80e0c2f3a6cbf940f1c31c70a8f45ee6aa6b7409fa10f113997b624298970dc
Saving artifacts...
Running migration: 4_deploy_identity_contracts.js
  Running step...
  Deploying V00_UserRegistry...
  ... 0xa53d5b649bf9a5db84e907170d4fde6e9ae80e0cbce0424cc6edf9f9dbcb3c83
  V00_UserRegistry: 0x485bb413c9b480345f96d6052475fd68e41628db
  Deploying KeyHolderLibrary...
  ... 0x8282d20192bb9f104e365b556bfe15ab3f3be9165737dce3e0f35b9534369d47
  KeyHolderLibrary: 0x18ca757e2c2f2ebe87f871997eee9ea280a598a9
  Linking KeyHolderLibrary to KeyHolder
  Linking KeyHolderLibrary to ClaimHolderLibrary
  Deploying ClaimHolderLibrary...
  ... 0x61127bce90562d834e0b5969ea39ee6e9a37d509474a3a17f92a92a7f6663ecd
  ClaimHolderLibrary: 0xc27e00af539303f59ce5ff486e33c25298154a01
  Linking ClaimHolderLibrary to ClaimHolder
  Linking KeyHolderLibrary to ClaimHolder
  Linking ClaimHolderLibrary to ClaimHolderRegistered
  Linking KeyHolderLibrary to ClaimHolderRegistered
  Linking ClaimHolderLibrary to ClaimHolderPresigned
  Linking KeyHolderLibrary to ClaimHolderPresigned
  Linking ClaimHolderLibrary to OriginIdentity
  Linking KeyHolderLibrary to OriginIdentity
  Deploying OriginIdentity...
  ... 0x5064578a7679db37b065944b5aaa2f6386f9bcd44bebf12fd3b647422d15c0dc
  OriginIdentity: 0xb4a9b7dc98cc563fa97487e91a3d74781f2fa055
Saving successful migration to network...
  ... 0x2ce275e7e7107aba8975fe6b5a06226aa63f0346c4db492d294cc0cfb78fce94
Saving artifacts...
Running migration: 5_create_sample_issuers.js
  Running step...
  ... 0xc5fafb89ba7303d8ecc097d3921a60cf4c0f748326e1b3c32611be1fc3d2bb44
Saving successful migration to network...
  ... 0xd05ae03de662f641947018b31946726c13db3ab19e499f4fcfadf19decf3693a
Saving artifacts...
Running migration: 6_transfer_tokens_for_dev.js
  Running step...
Skipping
Saving successful migration to network...
  ... 0x91a46d1b710836098784bae5fc60fd30ae1b27ee63bea384bb4ab9fbd94c129b
Saving artifacts...
Running migration: 7_create_token_whitelist.js
  Running step...
Saving successful migration to network...
  ... 0xb03dec2e084d6573c29cd3ea073183bb1ce0c79591f7b2e19b39f330e4eeb339
Saving artifacts...
