Compiling ./contracts/Migrations.sol...
Compiling ./contracts/identity/ClaimHolder.sol...
Compiling ./contracts/identity/ClaimHolderLibrary.sol...
Compiling ./contracts/identity/ClaimHolderPresigned.sol...
Compiling ./contracts/identity/ClaimHolderRegistered.sol...
Compiling ./contracts/identity/ClaimVerifier.sol...
Compiling ./contracts/identity/ERC725.sol...
Compiling ./contracts/identity/ERC735.sol...
Compiling ./contracts/identity/KeyHolder.sol...
Compiling ./contracts/identity/KeyHolderLibrary.sol...
Compiling ./contracts/identity/OriginIdentity.sol...
Compiling ./contracts/identity/V00_UserRegistry.sol...
Compiling ./contracts/marketplace/v00/Marketplace.sol...
Compiling ./contracts/multisig/IMultiSigWallet.sol...
Compiling ./contracts/token/OriginToken.sol...
Compiling ./contracts/token/TokenMigration.sol...
Compiling ./contracts/token/WhitelistedPausableToken.sol...
Compiling ./../node_modules/openzeppelin-solidity/contracts/lifecycle/Pausable.sol...
Compiling ./../node_modules/openzeppelin-solidity/contracts/math/SafeMath.sol...
Compiling ./../node_modules/openzeppelin-solidity/contracts/ownership/Ownable.sol...
Compiling ./../node_modules/openzeppelin-solidity/contracts/token/ERC20/BasicToken.sol...
Compiling ./../node_modules/openzeppelin-solidity/contracts/token/ERC20/BurnableToken.sol...
Compiling ./../node_modules/openzeppelin-solidity/contracts/token/ERC20/DetailedERC20.sol...
Compiling ./../node_modules/openzeppelin-solidity/contracts/token/ERC20/ERC20.sol...
Compiling ./../node_modules/openzeppelin-solidity/contracts/token/ERC20/ERC20Basic.sol...
Compiling ./../node_modules/openzeppelin-solidity/contracts/token/ERC20/MintableToken.sol...
Compiling ./../node_modules/openzeppelin-solidity/contracts/token/ERC20/PausableToken.sol...
Compiling ./../node_modules/openzeppelin-solidity/contracts/token/ERC20/StandardToken.sol...
Writing artifacts to ./build/contracts

Using network 'rinkeby'.

Running migration: 1_initial_migration.js
  Replacing Migrations...
  ... 0xe5cba35bc6ba6f6d603f46a6da6517d8e3c9e355897743f8ba67714530e7fad3
  Migrations: 0x38f73d5f47990afc9bd97609d6f87f739eb25557
Saving successful migration to network...
  ... 0x5d0c52f34f259afd8af39047beaa3caf6d7195395255b0f34501e24dabc553f8
Saving artifacts...
Running migration: 2_deploy_marketplace_contracts.js
  Running step...
  Deploying OriginToken...
  ... 0x06506f976639504b19b0e0ef59fd7a8aebb9ff5421993a745c6122fba7e77625
  OriginToken: 0x39a95c0acdf38b3a153bf96e08269d7828128035
  Deploying V00_Marketplace...
  ... 0x2163dab1a04d4859747d2eee20acae61555c2a10dcdb266f56b7c295855d9001
  V00_Marketplace: 0xc55faa6ca9033187dc365f546d1099340415587b
  ... 0x130181ac3830e8b559d46a72811c7be306e93f156aa00b910c9bbf09f8ef3bf1
Saving successful migration to network...
  ... 0x72362c7bc8acbbfef49f35350769656df811e266d038f284c80e854253ce5932
Saving artifacts...
Running migration: 3_create_sample_listings.js
  Running step...
Skipping sample listings creation on rinkeby
Saving successful migration to network...
  ... 0x8d444a91cfda1e8020a8312cf30288537f35c07633b032a559f214910aa5963f
Saving artifacts...
Running migration: 4_deploy_identity_contracts.js
  Running step...
  Deploying V00_UserRegistry...
  ... 0x1f5405563022faa39799d918f5d7715b15b3c7bccc2156a87a491d48ffb9d2e4
  V00_UserRegistry: 0x61699e4944337d4036f63b4add48d90da09503d0
  Replacing KeyHolderLibrary...
  ... 0xbccd9a6733ddfc1e5613fd48eea85e9385b3664f46a8be08fa143b11abc5cb0a
  KeyHolderLibrary: 0x82f706ad7361a8738f7cb0b26f69f02102db284a
  Linking KeyHolderLibrary to KeyHolder
  Linking KeyHolderLibrary to ClaimHolderLibrary
  Replacing ClaimHolderLibrary...
  ... 0xf0788becd031a7473fa08b2ed5aa95557bd1f363c9dcb69d74709a166760128a
  ClaimHolderLibrary: 0x4b9c1ad8db3dc92ef6db21085dd5e6001ee8a303
  Linking ClaimHolderLibrary to ClaimHolder
  Linking KeyHolderLibrary to ClaimHolder
  Linking ClaimHolderLibrary to ClaimHolderRegistered
  Linking KeyHolderLibrary to ClaimHolderRegistered
  Linking ClaimHolderLibrary to ClaimHolderPresigned
  Linking KeyHolderLibrary to ClaimHolderPresigned
  Linking ClaimHolderLibrary to OriginIdentity
  Linking KeyHolderLibrary to OriginIdentity
  Replacing OriginIdentity...
  ... 0x2f23c0c758b4236b0a78de7ce4bd8eb12f53dad25dff3f5d1a084a0e2362e61d
  OriginIdentity: 0x3205704a0742d4280e8d0016a984f9a3a4b89e92
Saving successful migration to network...
  ... 0x363a7c55ee7bae78ff3e7968b3a7c73257da9717ef2578abc8be626791bac563
Saving artifacts...
Running migration: 5_create_sample_issuers.js
  Running step...
  ... 0x1b2ae74ef3aab02e0c737f699f05474da88d0b3b72c35c0465e6102fc1fc780a
Saving successful migration to network...
  ... 0x5d9f49eb0b27b410053babd08c9ba914186407e66c91b3c94a77b4d25108e74b
Saving artifacts...
Running migration: 6_transfer_tokens_for_dev.js
  Running step...
Skipping
Saving successful migration to network...
  ... 0x56697d015320061f409d1543e0d476840a8ad542c8fda9cd6fecb822346bf27a
Saving artifacts...
